TN:
SF:src/DrawAuction.sol
FN:59,DrawAuction.prizePool
FN:68,DrawAuction.reward
FN:81,DrawAuction._afterAuctionEnds
FNDA:1,DrawAuction.prizePool
FNDA:7,DrawAuction.reward
FNDA:3,DrawAuction._afterAuctionEnds
FNF:3
FNH:3
DA:60,1
DA:69,7
DA:85,3
DA:87,3
DA:89,3
DA:90,3
DA:92,3
DA:93,2
DA:95,1
DA:96,1
DA:99,3
DA:100,3
DA:101,3
DA:103,3
DA:104,3
DA:105,3
DA:107,3
LF:17
LH:17
end_of_record
TN:
SF:src/DrawAuctionDispatcher.sol
FN:106,DrawAuctionDispatcher.dispatcher
FN:114,DrawAuctionDispatcher.drawAuctionExecutor
FN:122,DrawAuctionDispatcher.toChainId
FN:133,DrawAuctionDispatcher.setDispatcher
FN:142,DrawAuctionDispatcher.setDrawAuctionExecutor
FN:155,DrawAuctionDispatcher._afterAuctionEnds
FN:185,DrawAuctionDispatcher._setDispatcher
FN:195,DrawAuctionDispatcher._setDrawAuctionExecutor
FNDA:3,DrawAuctionDispatcher.dispatcher
FNDA:3,DrawAuctionDispatcher.drawAuctionExecutor
FNDA:2,DrawAuctionDispatcher.toChainId
FNDA:5,DrawAuctionDispatcher.setDispatcher
FNDA:9,DrawAuctionDispatcher.setDrawAuctionExecutor
FNDA:1,DrawAuctionDispatcher._afterAuctionEnds
FNDA:3,DrawAuctionDispatcher._setDispatcher
FNDA:9,DrawAuctionDispatcher._setDrawAuctionExecutor
FNF:8
FNH:8
DA:107,3
DA:115,3
DA:123,2
DA:134,3
DA:143,9
DA:159,1
DA:170,1
DA:186,3
DA:187,1
DA:188,1
DA:196,9
DA:197,9
DA:198,9
LF:13
LH:13
end_of_record
TN:
SF:src/DrawAuctionExecutor.sol
FN:125,DrawAuctionExecutor.originChainId
FN:133,DrawAuctionExecutor.drawAuctionDispatcher
FN:141,DrawAuctionExecutor.prizePool
FN:152,DrawAuctionExecutor.setDrawAuctionDispatcher
FN:167,DrawAuctionExecutor._checkSender
FN:87,DrawAuctionExecutor.completeAuction
FNDA:0,DrawAuctionExecutor.originChainId
FNDA:0,DrawAuctionExecutor.drawAuctionDispatcher
FNDA:0,DrawAuctionExecutor.prizePool
FNDA:8,DrawAuctionExecutor.setDrawAuctionDispatcher
FNDA:0,DrawAuctionExecutor._checkSender
FNDA:0,DrawAuctionExecutor.completeAuction
FNF:6
FNH:1
DA:92,0
DA:94,0
DA:96,0
DA:98,0
DA:99,0
DA:101,0
DA:102,0
DA:104,0
DA:105,0
DA:108,0
DA:109,0
DA:110,0
DA:112,0
DA:113,0
DA:114,0
DA:116,0
DA:126,0
DA:134,0
DA:142,0
DA:153,8
DA:154,8
DA:156,8
DA:168,0
DA:169,0
DA:170,0
LF:25
LH:3
end_of_record
TN:
SF:src/RNGRequestor.sol
FN:163,RNGRequestor.startRNGRequest
FN:185,RNGRequestor.completeRNGRequest
FN:197,RNGRequestor.cancelRNGRequest
FN:214,RNGRequestor.isRNGRequested
FN:222,RNGRequestor.isRNGCompleted
FN:230,RNGRequestor.isRNGTimedOut
FN:238,RNGRequestor.canStartRNGRequest
FN:246,RNGRequestor.canCompleteRNGRequest
FN:256,RNGRequestor.getRNGLockBlock
FN:265,RNGRequestor.getRNGRequestId
FN:273,RNGRequestor.getRNGTimeout
FN:281,RNGRequestor.getRNGService
FN:293,RNGRequestor.setRNGService
FN:303,RNGRequestor.setRNGTimeout
FN:313,RNGRequestor._afterRNGStart
FN:320,RNGRequestor._afterRNGComplete
FN:326,RNGRequestor._currentTime
FN:334,RNGRequestor._isRNGRequested
FN:342,RNGRequestor._isRNGCompleted
FN:350,RNGRequestor._isRNGTimedOut
FN:362,RNGRequestor._setRNGService
FN:372,RNGRequestor._setRNGTimeout
FNDA:18,RNGRequestor.startRNGRequest
FNDA:7,RNGRequestor.completeRNGRequest
FNDA:2,RNGRequestor.cancelRNGRequest
FNDA:2,RNGRequestor.isRNGRequested
FNDA:2,RNGRequestor.isRNGCompleted
FNDA:2,RNGRequestor.isRNGTimedOut
FNDA:2,RNGRequestor.canStartRNGRequest
FNDA:2,RNGRequestor.canCompleteRNGRequest
FNDA:3,RNGRequestor.getRNGLockBlock
FNDA:3,RNGRequestor.getRNGRequestId
FNDA:3,RNGRequestor.getRNGTimeout
FNDA:3,RNGRequestor.getRNGService
FNDA:2,RNGRequestor.setRNGService
FNDA:2,RNGRequestor.setRNGTimeout
FNDA:11,RNGRequestor._afterRNGStart
FNDA:1,RNGRequestor._afterRNGComplete
FNDA:20,RNGRequestor._currentTime
FNDA:31,RNGRequestor._isRNGRequested
FNDA:9,RNGRequestor._isRNGCompleted
FNDA:4,RNGRequestor._isRNGTimedOut
FNDA:2,RNGRequestor._setRNGService
FNDA:2,RNGRequestor._setRNGTimeout
FNF:22
FNH:22
DA:164,17
DA:166,17
DA:167,1
DA:170,17
DA:171,17
DA:172,17
DA:173,17
DA:175,17
DA:177,17
DA:186,5
DA:187,5
DA:189,5
DA:191,5
DA:193,5
DA:198,2
DA:200,1
DA:201,1
DA:203,1
DA:205,1
DA:215,2
DA:223,2
DA:231,2
DA:239,2
DA:247,2
DA:257,3
DA:266,3
DA:274,3
DA:282,3
DA:294,2
DA:304,2
DA:327,20
DA:335,31
DA:343,9
DA:351,4
DA:352,1
DA:354,3
DA:363,2
DA:364,1
DA:365,1
DA:373,2
DA:374,1
DA:375,1
LF:42
LH:42
end_of_record
TN:
SF:src/abstract/ExecutorAware.sol
FN:37,ExecutorAware.isTrustedExecutor
FN:47,ExecutorAware._messageId
FN:61,ExecutorAware._fromChainId
FN:75,ExecutorAware._msgSender
FNDA:0,ExecutorAware.isTrustedExecutor
FNDA:0,ExecutorAware._messageId
FNDA:0,ExecutorAware._fromChainId
FNDA:0,ExecutorAware._msgSender
FNF:4
FNH:0
DA:38,0
DA:50,0
DA:52,0
DA:64,0
DA:66,0
DA:76,0
DA:78,0
DA:80,0
LF:8
LH:0
end_of_record
TN:
SF:src/auctions/Auction.sol
FN:104,Auction.getPhase
FN:117,Auction._afterAuctionEnds
FN:128,Auction._getPhases
FN:137,Auction._getPhase
FN:151,Auction._setPhase
FN:87,Auction.auctionDuration
FN:95,Auction.getPhases
FNDA:2,Auction.getPhase
FNDA:1,Auction._afterAuctionEnds
FNDA:1,Auction._getPhases
FNDA:12,Auction._getPhase
FNDA:16,Auction._setPhase
FNDA:2,Auction.auctionDuration
FNDA:1,Auction.getPhases
FNF:7
FNH:7
DA:88,2
DA:96,1
DA:105,2
DA:129,1
DA:138,12
DA:157,16
DA:164,16
DA:166,16
DA:168,16
LF:9
LH:9
end_of_record
TN:
SF:src/auctions/TwoStepsAuction.sol
FN:37,TwoStepsAuction._afterRNGStart
FN:47,TwoStepsAuction._afterRNGComplete
FNDA:7,TwoStepsAuction._afterRNGStart
FNDA:5,TwoStepsAuction._afterRNGComplete
FNF:2
FNH:2
DA:38,7
DA:39,7
DA:48,5
DA:54,5
DA:56,5
DA:57,5
DA:58,5
DA:60,5
LF:8
LH:8
end_of_record
TN:
SF:src/libraries/RewardLib.sol
FN:22,RewardLib.rewards
FN:53,RewardLib.reward
FN:81,RewardLib._reward
FNDA:3,RewardLib.rewards
FNDA:22,RewardLib.reward
FNDA:28,RewardLib._reward
FNF:3
FNH:3
DA:27,3
DA:28,3
DA:30,3
DA:32,3
DA:33,3
DA:35,3
DA:36,6
DA:39,3
DA:58,22
DA:59,22
DA:61,22
DA:63,22
DA:89,28
DA:90,5
DA:95,23
DA:96,14
DA:101,23
DA:102,2
DA:106,21
DA:107,4
DA:113,21
DA:114,3
DA:117,21
LF:23
LH:23
end_of_record
