TN:
SF:src/DrawAuction.sol
FN:55,DrawAuction.completeAndStartNextDraw
FN:71,DrawAuction.auctionDuration
FN:79,DrawAuction.prizePool
FN:87,DrawAuction.reward
FN:99,DrawAuction._reward
FNDA:0,DrawAuction.completeAndStartNextDraw
FNDA:0,DrawAuction.auctionDuration
FNDA:0,DrawAuction.prizePool
FNDA:5,DrawAuction.reward
FNDA:5,DrawAuction._reward
FNF:5
FNH:2
DA:56,0
DA:58,0
DA:59,0
DA:61,0
DA:72,0
DA:80,0
DA:88,5
DA:100,5
DA:102,5
DA:103,1
DA:106,4
DA:107,4
DA:109,4
DA:110,4
LF:14
LH:8
end_of_record
TN:
SF:src/RNGRequestor.sol
FN:167,RNGRequestor.startRNGRequest
FN:187,RNGRequestor.completeRNGRequest
FN:199,RNGRequestor.cancelRNGRequest
FN:216,RNGRequestor.isRNGRequested
FN:224,RNGRequestor.isRNGCompleted
FN:232,RNGRequestor.isRNGTimedOut
FN:240,RNGRequestor.canStartRNGRequest
FN:248,RNGRequestor.canCompleteRNGRequest
FN:258,RNGRequestor.getRNGLockBlock
FN:267,RNGRequestor.getRNGRequestId
FN:275,RNGRequestor.getRNGTimeout
FN:283,RNGRequestor.getRNGService
FN:295,RNGRequestor.setRNGService
FN:305,RNGRequestor.setRNGTimeout
FN:315,RNGRequestor._afterRNGComplete
FN:321,RNGRequestor._currentTime
FN:329,RNGRequestor._isRNGRequested
FN:337,RNGRequestor._isRNGCompleted
FN:345,RNGRequestor._isRNGTimedOut
FN:357,RNGRequestor._setRNGService
FN:367,RNGRequestor._setRNGTimeout
FNDA:12,RNGRequestor.startRNGRequest
FNDA:3,RNGRequestor.completeRNGRequest
FNDA:2,RNGRequestor.cancelRNGRequest
FNDA:2,RNGRequestor.isRNGRequested
FNDA:2,RNGRequestor.isRNGCompleted
FNDA:2,RNGRequestor.isRNGTimedOut
FNDA:2,RNGRequestor.canStartRNGRequest
FNDA:2,RNGRequestor.canCompleteRNGRequest
FNDA:3,RNGRequestor.getRNGLockBlock
FNDA:3,RNGRequestor.getRNGRequestId
FNDA:3,RNGRequestor.getRNGTimeout
FNDA:3,RNGRequestor.getRNGService
FNDA:2,RNGRequestor.setRNGService
FNDA:2,RNGRequestor.setRNGTimeout
FNDA:1,RNGRequestor._afterRNGComplete
FNDA:14,RNGRequestor._currentTime
FNDA:21,RNGRequestor._isRNGRequested
FNDA:5,RNGRequestor._isRNGCompleted
FNDA:4,RNGRequestor._isRNGTimedOut
FNDA:2,RNGRequestor._setRNGService
FNDA:2,RNGRequestor._setRNGTimeout
FNF:21
FNH:21
DA:168,11
DA:170,11
DA:171,1
DA:174,11
DA:175,11
DA:176,11
DA:177,11
DA:179,11
DA:188,1
DA:189,1
DA:191,1
DA:193,1
DA:195,1
DA:200,2
DA:202,1
DA:203,1
DA:205,1
DA:207,1
DA:217,2
DA:225,2
DA:233,2
DA:241,2
DA:249,2
DA:259,3
DA:268,3
DA:276,3
DA:284,3
DA:296,2
DA:306,2
DA:322,14
DA:330,21
DA:338,5
DA:346,4
DA:347,1
DA:349,3
DA:358,2
DA:359,1
DA:360,1
DA:368,2
DA:369,1
DA:370,1
LF:41
LH:41
end_of_record
